[INFO ] [2021-09-12 10:50:57,944] ---------- START delete file in folder ----------
[INFO ] [2021-09-12 10:50:57,945] FAIL_12_09_2021_10_24_55.png
[INFO ] [2021-09-12 10:50:57,946] FAIL_12_09_2021_10_25_00.png
[INFO ] [2021-09-12 10:50:57,946] ---------- END delete file in folder ----------
[INFO ] [2021-09-12 10:51:07,746]  -------------------------- FAILED -------------------------- 
[INFO ] [2021-09-12 10:51:12,792]  -------------------------- FAILED -------------------------- 
[INFO ] [2021-09-12 10:51:14,720]  -------------------------- PASSED -------------------------- 
[INFO ] [2021-09-12 10:51:17,686]  -------------------------- PASSED -------------------------- 
[INFO ] [2021-09-12 20:45:33,129] ---------- START delete file in folder ----------
[INFO ] [2021-09-12 20:45:33,185] FAIL_12_09_2021_10_51_07.png
[INFO ] [2021-09-12 20:45:33,187] FAIL_12_09_2021_10_51_12.png
[INFO ] [2021-09-12 20:45:33,187] ---------- END delete file in folder ----------
[INFO ] [2021-09-12 20:45:49,476]  -------------------------- FAILED -------------------------- 
[INFO ] [2021-09-12 20:54:50,778] ---------- START delete file in folder ----------
[INFO ] [2021-09-12 20:54:50,780] FAIL_12_09_2021_08_45_44.png
[INFO ] [2021-09-12 20:54:50,780] FAIL_12_09_2021_08_45_49.png
[INFO ] [2021-09-12 20:54:50,781] ---------- END delete file in folder ----------
[INFO ] [2021-09-12 20:55:42,158] ---------- START delete file in folder ----------
[INFO ] [2021-09-12 20:55:42,160] ---------- END delete file in folder ----------
[INFO ] [2021-09-12 20:55:50,679]  -------------------------- FAILED -------------------------- 
[INFO ] [2021-09-12 20:55:55,427]  -------------------------- FAILED -------------------------- 
[INFO ] [2021-09-12 20:55:57,998]  -------------------------- PASSED -------------------------- 
[INFO ] [2021-09-12 20:56:01,478]  -------------------------- PASSED -------------------------- 
[INFO ] [2021-09-12 21:06:15,871] ---------- START delete file in folder ----------
[INFO ] [2021-09-12 21:06:15,872] FAIL_12_09_2021_08_55_50.png
[INFO ] [2021-09-12 21:06:15,873] ---------- END delete file in folder ----------
[INFO ] [2021-09-12 21:06:24,643]  -------------------------- FAILED -------------------------- 
[INFO ] [2021-09-12 21:06:29,646]  -------------------------- FAILED -------------------------- 
[INFO ] [2021-09-12 21:06:31,535]  -------------------------- PASSED -------------------------- 
[INFO ] [2021-09-12 21:06:34,113]  -------------------------- PASSED -------------------------- 
